[2022-03-28 13:51:28.898] [main] [info] update#setState idle
[2022-03-28 13:51:29.482] [main] [info] window#load: attempt to load window (id: 1)
[2022-03-28 13:51:29.566] [main] [info] ExtensionHostStarterWorker created
[2022-03-28 13:51:31.048] [main] [info] window#load: window reported ready (id: 1)
[2022-03-28 13:51:31.429] [main] [info] Starting extension host with pid 51349 (fork() took 13 ms).
[2022-03-28 13:51:31.430] [main] [info] ExtensionHostStarterWorker.start() took 22 ms.
[2022-03-28 13:51:58.906] [main] [info] update#setState checking for updates
[2022-03-28 13:51:58.908] [main] [info] update#setState idle
[2022-03-28 13:52:08.636] [main] [info] window#load: attempt to load window (id: 1)
[2022-03-28 13:52:08.645] [main] [info] Extension host with pid 51349 exited with code: 0, signal: null.
[2022-03-28 13:52:09.620] [main] [info] window#load: window reported ready (id: 1)
[2022-03-28 13:52:10.033] [main] [info] Starting extension host with pid 51437 (fork() took 19 ms).
[2022-03-28 13:52:10.040] [main] [info] ExtensionHostStarterWorker.start() took 31 ms.
[2022-03-28 14:51:58.931] [main] [info] update#setState checking for updates
[2022-03-28 14:51:59.002] [main] [info] update#setState idle
[2022-03-28 15:51:58.986] [main] [info] update#setState checking for updates
[2022-03-28 15:51:58.999] [main] [info] update#setState idle
[2022-03-28 16:51:59.001] [main] [info] update#setState checking for updates
[2022-03-28 16:51:59.003] [main] [info] update#setState idle
[2022-03-28 16:58:27.452] [main] [info] Waiting for extension host with pid 51437 to exit.
[2022-03-28 16:58:28.026] [main] [info] Extension host with pid 51437 exited with code: 0, signal: null.
