[2022-03-28 13:51:34.032] [renderer1] [error] ["Error: Unknown or unsupported transport “disabled” for address “disabled:”"]
[2022-03-28 13:51:34.032] [renderer1] [warning] Settings Sync: Accounts are not initialized
[2022-03-28 13:52:11.411] [renderer1] [error] ["Error: Unknown or unsupported transport “disabled” for address “disabled:”"]
[2022-03-28 13:52:11.412] [renderer1] [warning] Settings Sync: Accounts are not initialized
[2022-03-28 15:53:12.189] [renderer1] [error] Request textDocument/codeAction failed with message: Debug Failure. Token and statement should start at the same point. {"statementKind":"ReturnStatement","tokenKind":"OpenBraceToken","errorCode":7027,"start":345,"length":0}: Error: Request textDocument/codeAction failed with message: Debug Failure. Token and statement should start at the same point. {"statementKind":"ReturnStatement","tokenKind":"OpenBraceToken","errorCode":7027,"start":345,"length":0}
	at /root/.vscode/extensions/octref.vetur-0.35.0/dist/vueMain.js:1:64858
	at /root/.vscode/extensions/octref.vetur-0.35.0/dist/vueMain.js:1:65153
	at Immediate.<anonymous> (/root/.vscode/extensions/octref.vetur-0.35.0/dist/vueMain.js:1:65518)
	at processImmediate (internal/timers.js:461:21)
[2022-03-28 15:53:14.499] [renderer1] [error] Request textDocument/codeAction failed with message: Debug Failure. Token and statement should start at the same point. {"statementKind":"ReturnStatement","tokenKind":"OpenBraceToken","errorCode":7027,"start":388,"length":0}: Error: Request textDocument/codeAction failed with message: Debug Failure. Token and statement should start at the same point. {"statementKind":"ReturnStatement","tokenKind":"OpenBraceToken","errorCode":7027,"start":388,"length":0}
	at /root/.vscode/extensions/octref.vetur-0.35.0/dist/vueMain.js:1:64858
	at /root/.vscode/extensions/octref.vetur-0.35.0/dist/vueMain.js:1:65153
	at Immediate.<anonymous> (/root/.vscode/extensions/octref.vetur-0.35.0/dist/vueMain.js:1:65518)
	at processImmediate (internal/timers.js:461:21)
[2022-03-28 15:53:15.719] [renderer1] [error] Request textDocument/codeAction failed with message: Debug Failure. Some statement should be last: Error: Request textDocument/codeAction failed with message: Debug Failure. Some statement should be last
	at /root/.vscode/extensions/octref.vetur-0.35.0/dist/vueMain.js:1:64858
	at /root/.vscode/extensions/octref.vetur-0.35.0/dist/vueMain.js:1:65153
	at Immediate.<anonymous> (/root/.vscode/extensions/octref.vetur-0.35.0/dist/vueMain.js:1:65518)
	at processImmediate (internal/timers.js:461:21)
[2022-03-28 15:53:16.926] [renderer1] [error] Request textDocument/codeAction failed with message: Debug Failure. Token and statement should start at the same point. {"statementKind":"ReturnStatement","tokenKind":"OpenBraceToken","errorCode":7027,"start":431,"length":0}: Error: Request textDocument/codeAction failed with message: Debug Failure. Token and statement should start at the same point. {"statementKind":"ReturnStatement","tokenKind":"OpenBraceToken","errorCode":7027,"start":431,"length":0}
	at /root/.vscode/extensions/octref.vetur-0.35.0/dist/vueMain.js:1:64858
	at /root/.vscode/extensions/octref.vetur-0.35.0/dist/vueMain.js:1:65153
	at Immediate.<anonymous> (/root/.vscode/extensions/octref.vetur-0.35.0/dist/vueMain.js:1:65518)
	at processImmediate (internal/timers.js:461:21)
