[2022-03-28 13:51:35.110] [sharedprocess] [info] Starting worker process with pid 51388 (type: fileWatcher, window: 1).
[2022-03-28 13:51:38.434] [sharedprocess] [info] Getting Manifest... ms-python.python
[2022-03-28 13:51:38.435] [sharedprocess] [info] Getting Manifest... ms-python.vscode-pylance
[2022-03-28 13:51:38.437] [sharedprocess] [info] Getting Manifest... ms-toolsai.jupyter
[2022-03-28 13:51:40.276] [sharedprocess] [info] Installing extension: ms-python.vscode-pylance
[2022-03-28 13:51:40.279] [sharedprocess] [info] Installing extension: ms-python.python
[2022-03-28 13:51:41.345] [sharedprocess] [info] Installing extension: ms-toolsai.jupyter
[2022-03-28 13:51:41.682] [sharedprocess] [info] Getting Manifest... ms-toolsai.jupyter-renderers
[2022-03-28 13:51:42.679] [sharedprocess] [info] Installing extension: ms-toolsai.jupyter-renderers
[2022-03-28 13:51:48.519] [sharedprocess] [info] Downloaded extension: ms-toolsai.jupyter-renderers /home/sura/Documents/vue/tutorial/~/.vscode-root/CachedExtensionVSIXs/ms-toolsai.jupyter-renderers-1.0.6
[2022-03-28 13:51:48.767] [sharedprocess] [info] Extracted extension to /root/.vscode/extensions/.2c80c6df-41b2-4954-ba65-579de1f497d2: ms-toolsai.jupyter-renderers
[2022-03-28 13:51:48.806] [sharedprocess] [info] Renamed to /root/.vscode/extensions/ms-toolsai.jupyter-renderers-1.0.6
[2022-03-28 13:51:48.808] [sharedprocess] [info] Extracting completed. ms-toolsai.jupyter-renderers
[2022-03-28 13:51:58.988] [sharedprocess] [info] Downloaded extension: ms-toolsai.jupyter /home/sura/Documents/vue/tutorial/~/.vscode-root/CachedExtensionVSIXs/ms-toolsai.jupyter-2022.2.1030672458
[2022-03-28 13:52:00.140] [sharedprocess] [info] Extracted extension to /root/.vscode/extensions/.7f79e7c3-cc9f-4633-8d5e-63bb4b50b687: ms-toolsai.jupyter
[2022-03-28 13:52:00.203] [sharedprocess] [info] Renamed to /root/.vscode/extensions/ms-toolsai.jupyter-2022.2.1030672458
[2022-03-28 13:52:00.208] [sharedprocess] [info] Extracting completed. ms-toolsai.jupyter
[2022-03-28 13:52:00.252] [sharedprocess] [info] Extension installed successfully: ms-toolsai.jupyter-renderers
[2022-03-28 13:52:00.252] [sharedprocess] [info] Extension installed successfully: ms-toolsai.jupyter
[2022-03-28 13:52:08.659] [sharedprocess] [info] Worker process with pid 51388 terminated normally (type: fileWatcher, window: 1).
[2022-03-28 13:52:10.084] [sharedprocess] [info] Starting worker process with pid 51438 (type: fileWatcher, window: 1).
[2022-03-28 13:52:16.468] [sharedprocess] [info] Getting Manifest... ms-python.python
[2022-03-28 13:52:16.470] [sharedprocess] [info] Getting Manifest... ms-python.vscode-pylance
[2022-03-28 13:52:16.476] [sharedprocess] [info] Extensions is already requested to install ms-python.python
[2022-03-28 13:52:16.478] [sharedprocess] [info] Extensions is already requested to install ms-python.vscode-pylance
[2022-03-28 13:52:30.187] [sharedprocess] [info] Downloaded extension: ms-python.python /home/sura/Documents/vue/tutorial/~/.vscode-root/CachedExtensionVSIXs/ms-python.python-2022.2.1924087327
[2022-03-28 13:52:35.474] [sharedprocess] [info] Extracted extension to /root/.vscode/extensions/.cdf59579-11ec-4366-830d-eae1ab16997c: ms-python.python
[2022-03-28 13:52:35.562] [sharedprocess] [info] Renamed to /root/.vscode/extensions/ms-python.python-2022.2.1924087327
[2022-03-28 13:52:35.566] [sharedprocess] [info] Extracting completed. ms-python.python
[2022-03-28 13:52:35.647] [sharedprocess] [info] Extension installed successfully: ms-python.python
[2022-03-28 13:52:36.444] [sharedprocess] [info] Downloaded extension: ms-python.vscode-pylance /home/sura/Documents/vue/tutorial/~/.vscode-root/CachedExtensionVSIXs/ms-python.vscode-pylance-2022.3.3
[2022-03-28 13:52:43.700] [sharedprocess] [info] Extracted extension to /root/.vscode/extensions/.5e8ba2a3-1c10-41f6-a331-06f7b613a48c: ms-python.vscode-pylance
[2022-03-28 13:52:43.761] [sharedprocess] [info] Renamed to /root/.vscode/extensions/ms-python.vscode-pylance-2022.3.3
[2022-03-28 13:52:43.763] [sharedprocess] [info] Extracting completed. ms-python.vscode-pylance
[2022-03-28 13:52:43.833] [sharedprocess] [info] Extension installed successfully: ms-python.vscode-pylance
[2022-03-28 13:53:09.501] [sharedprocess] [info] Getting Manifest... octref.vetur
[2022-03-28 13:53:09.519] [sharedprocess] [info] Installing extension: octref.vetur
[2022-03-28 13:53:20.842] [sharedprocess] [info] Downloaded extension: octref.vetur /home/sura/Documents/vue/tutorial/~/.vscode-root/CachedExtensionVSIXs/octref.vetur-0.35.0
[2022-03-28 13:53:24.816] [sharedprocess] [info] Extracted extension to /root/.vscode/extensions/.077018b6-87ff-476b-9f0b-f5b3cf11b611: octref.vetur
[2022-03-28 13:53:25.534] [sharedprocess] [info] Renamed to /root/.vscode/extensions/octref.vetur-0.35.0
[2022-03-28 13:53:25.536] [sharedprocess] [info] Extracting completed. octref.vetur
[2022-03-28 13:53:25.541] [sharedprocess] [info] Extension installed successfully: octref.vetur
