[2022-03-28 13:51:34.498] [exthost] [info] Extension host with pid 51349 started
[2022-03-28 13:51:34.618] [exthost] [info] ExtensionService#_doActivateExtension vscode.debug-auto-launch, startup: true, activationEvent: '*'
[2022-03-28 13:51:34.626] [exthost] [info] ExtensionService#_doActivateExtension vscode.git-base, startup: true, activationEvent: '*', root cause: vscode.github
[2022-03-28 13:51:34.630] [exthost] [info] ExtensionService#_doActivateExtension vscode.ipynb, startup: true, activationEvent: '*'
[2022-03-28 13:51:34.667] [exthost] [info] ExtensionService#_doActivateExtension vscode.git, startup: true, activationEvent: '*'
[2022-03-28 13:51:34.762] [exthost] [info] ExtensionService#_doActivateExtension vscode.github, startup: true, activationEvent: '*'
[2022-03-28 13:51:34.916] [exthost] [info] Eager extensions activated
[2022-03-28 13:51:34.934] [exthost] [info] ExtensionService#_doActivateExtension vscode.emmet, startup: false, activationEvent: 'onStartupFinished'
[2022-03-28 13:51:34.962] [exthost] [info] ExtensionService#_doActivateExtension vscode.merge-conflict, startup: false, activationEvent: 'onStartupFinished'
[2022-03-28 13:52:08.571] [exthost] [info] extension host terminating: renderer closed the socket
[2022-03-28 13:52:08.577] [exthost] [info] Extension host with pid 51349 exiting with code 0
[2022-03-28 13:52:11.577] [exthost] [info] Extension host with pid 51437 started
[2022-03-28 13:52:11.577] [exthost] [info] Skipping acquiring lock for /home/sura/Documents/vue/tutorial/~/.vscode-root/User/workspaceStorage/b549c697b08692a74b7f6690f7a7fcfc.
[2022-03-28 13:52:11.798] [exthost] [info] ExtensionService#_doActivateExtension vscode.debug-auto-launch, startup: true, activationEvent: '*'
[2022-03-28 13:52:11.804] [exthost] [info] ExtensionService#_doActivateExtension vscode.git-base, startup: true, activationEvent: '*', root cause: vscode.github
[2022-03-28 13:52:11.811] [exthost] [info] ExtensionService#_doActivateExtension vscode.ipynb, startup: true, activationEvent: '*'
[2022-03-28 13:52:11.820] [exthost] [info] ExtensionService#_doActivateExtension vscode.npm, startup: true, activationEvent: 'workspaceContains:package.json'
[2022-03-28 13:52:11.929] [exthost] [info] ExtensionService#_doActivateExtension vscode.github, startup: true, activationEvent: '*'
[2022-03-28 13:52:12.142] [exthost] [info] Eager extensions activated
[2022-03-28 13:52:12.150] [exthost] [info] ExtensionService#_doActivateExtension vscode.emmet, startup: false, activationEvent: 'onStartupFinished'
[2022-03-28 13:52:12.156] [exthost] [info] ExtensionService#_doActivateExtension vscode.merge-conflict, startup: false, activationEvent: 'onStartupFinished'
[2022-03-28 13:52:15.128] [exthost] [info] ExtensionService#_doActivateExtension vscode.git, startup: false, activationEvent: 'api', root cause: vscode.github
[2022-03-28 13:52:47.319] [exthost] [info] ExtensionService#_doActivateExtension vscode.html-language-features, startup: false, activationEvent: 'onLanguage:html'
[2022-03-28 13:53:25.804] [exthost] [info] ExtensionService#_doActivateExtension octref.vetur, startup: false, activationEvent: 'onLanguage:vue'
[2022-03-28 13:54:01.221] [exthost] [info] ExtensionService#_doActivateExtension vscode.typescript-language-features, startup: false, activationEvent: 'onLanguage:javascript'
[2022-03-28 15:09:05.895] [exthost] [info] ExtensionService#_doActivateExtension vscode.configuration-editing, startup: false, activationEvent: 'onLanguage:jsonc'
[2022-03-28 15:09:05.943] [exthost] [info] ExtensionService#_doActivateExtension vscode.json-language-features, startup: false, activationEvent: 'onLanguage:jsonc'
[2022-03-28 15:09:11.967] [exthost] [info] ExtensionService#_doActivateExtension vscode.extension-editing, startup: false, activationEvent: 'onLanguage:json'
[2022-03-28 15:09:16.951] [exthost] [info] ExtensionService#_doActivateExtension vscode.markdown-language-features, startup: false, activationEvent: 'onLanguage:markdown'
[2022-03-28 15:09:17.431] [exthost] [info] ExtensionService#_doActivateExtension vscode.markdown-math, startup: false, activationEvent: 'api', root cause: vscode.markdown-language-features
[2022-03-28 15:53:12.130] [exthost] [error] [octref.vetur] provider FAILED
[2022-03-28 15:53:12.166] [exthost] [error] Error: Request textDocument/codeAction failed with message: Debug Failure. Token and statement should start at the same point. {"statementKind":"ReturnStatement","tokenKind":"OpenBraceToken","errorCode":7027,"start":345,"length":0}
	at /root/.vscode/extensions/octref.vetur-0.35.0/dist/vueMain.js:1:64858
	at /root/.vscode/extensions/octref.vetur-0.35.0/dist/vueMain.js:1:65153
	at Immediate.<anonymous> (/root/.vscode/extensions/octref.vetur-0.35.0/dist/vueMain.js:1:65518)
	at processImmediate (internal/timers.js:461:21)
[2022-03-28 15:53:14.494] [exthost] [error] [octref.vetur] provider FAILED
[2022-03-28 15:53:14.494] [exthost] [error] Error: Request textDocument/codeAction failed with message: Debug Failure. Token and statement should start at the same point. {"statementKind":"ReturnStatement","tokenKind":"OpenBraceToken","errorCode":7027,"start":388,"length":0}
	at /root/.vscode/extensions/octref.vetur-0.35.0/dist/vueMain.js:1:64858
	at /root/.vscode/extensions/octref.vetur-0.35.0/dist/vueMain.js:1:65153
	at Immediate.<anonymous> (/root/.vscode/extensions/octref.vetur-0.35.0/dist/vueMain.js:1:65518)
	at processImmediate (internal/timers.js:461:21)
[2022-03-28 15:53:15.716] [exthost] [error] [octref.vetur] provider FAILED
[2022-03-28 15:53:15.716] [exthost] [error] Error: Request textDocument/codeAction failed with message: Debug Failure. Some statement should be last
	at /root/.vscode/extensions/octref.vetur-0.35.0/dist/vueMain.js:1:64858
	at /root/.vscode/extensions/octref.vetur-0.35.0/dist/vueMain.js:1:65153
	at Immediate.<anonymous> (/root/.vscode/extensions/octref.vetur-0.35.0/dist/vueMain.js:1:65518)
	at processImmediate (internal/timers.js:461:21)
[2022-03-28 15:53:16.910] [exthost] [error] [octref.vetur] provider FAILED
[2022-03-28 15:53:16.910] [exthost] [error] Error: Request textDocument/codeAction failed with message: Debug Failure. Token and statement should start at the same point. {"statementKind":"ReturnStatement","tokenKind":"OpenBraceToken","errorCode":7027,"start":431,"length":0}
	at /root/.vscode/extensions/octref.vetur-0.35.0/dist/vueMain.js:1:64858
	at /root/.vscode/extensions/octref.vetur-0.35.0/dist/vueMain.js:1:65153
	at Immediate.<anonymous> (/root/.vscode/extensions/octref.vetur-0.35.0/dist/vueMain.js:1:65518)
	at processImmediate (internal/timers.js:461:21)
[2022-03-28 16:58:26.438] [exthost] [info] extension host terminating: renderer closed the socket
[2022-03-28 16:58:26.476] [exthost] [info] Extension host with pid 51437 exiting with code 0
