Vetur initialized
[INFO ] Loaded bundled typescript@4.4.4.
[INFO ] Loaded bundled prettier.
[INFO ] Loaded bundled @starptech/prettyhtml.
[INFO ] Loaded bundled prettier-eslint.
[INFO ] Loaded bundled prettier-tslint.
[INFO ] Loaded bundled stylus-supremacy.
[INFO ] Loaded bundled @prettier/plugin-pug.
[INFO ] update /home/sura/Documents/vue/tutorial/~/.vscode-root/storage.json in ts language service.
[INFO ] update /home/sura/Documents/vue/tutorial/~/.vscode-root/storage.json in ts language service.
[INFO ] update /home/sura/Documents/vue/tutorial/~/.vscode-root/storage.json in ts language service.
[INFO ] update /home/sura/Documents/vue/tutorial/~/.vscode-root/storage.json in ts language service.
[INFO ] update /home/sura/Documents/vue/tutorial/~/.vscode-root/storage.json in ts language service.
[INFO ] update /home/sura/Documents/vue/tutorial/~/.vscode-root/storage.json in ts language service.
[INFO ] update /home/sura/Documents/vue/tutorial/~/.vscode-root/storage.json in ts language service.
[INFO ] update /home/sura/Documents/vue/tutorial/~/.vscode-root/storage.json in ts language service.
[INFO ] update /home/sura/Documents/vue/tutorial/~/.vscode-root/storage.json in ts language service.
[INFO ] update /home/sura/Documents/vue/tutorial/~/.vscode-root/storage.json in ts language service.
[INFO ] update /home/sura/Documents/vue/tutorial/~/.vscode-root/storage.json in ts language service.
[INFO ] update /home/sura/Documents/vue/tutorial/~/.vscode-root/storage.json in ts language service.
[INFO ] update /home/sura/Documents/vue/tutorial/~/.vscode-root/storage.json in ts language service.
[INFO ] update /home/sura/Documents/vue/tutorial/~/.vscode-root/storage.json in ts language service.
[INFO ] update /home/sura/Documents/vue/tutorial/~/.vscode-root/storage.json in ts language service.
[INFO ] update /home/sura/Documents/vue/tutorial/~/.vscode-root/storage.json in ts language service.
[INFO ] update /home/sura/Documents/vue/tutorial/~/.vscode-root/storage.json in ts language service.
[INFO ] update /home/sura/Documents/vue/tutorial/~/.vscode-root/storage.json in ts language service.
[INFO ] update /home/sura/Documents/vue/tutorial/~/.vscode-root/storage.json in ts language service.
[INFO ] update /home/sura/Documents/vue/tutorial/~/.vscode-root/storage.json in ts language service.
[INFO ] update /home/sura/Documents/vue/tutorial/~/.vscode-root/storage.json in ts language service.
[INFO ] update /home/sura/Documents/vue/tutorial/~/.vscode-root/storage.json in ts language service.
[INFO ] update /home/sura/Documents/vue/tutorial/~/.vscode-root/storage.json in ts language service.
[INFO ] update /home/sura/Documents/vue/tutorial/~/.vscode-root/storage.json in ts language service.
[INFO ] update /home/sura/Documents/vue/tutorial/~/.vscode-root/storage.json in ts language service.
[INFO ] update /home/sura/Documents/vue/tutorial/~/.vscode-root/storage.json in ts language service.
[INFO ] update /home/sura/Documents/vue/tutorial/~/.vscode-root/storage.json in ts language service.
[INFO ] update /home/sura/Documents/vue/tutorial/~/.vscode-root/storage.json in ts language service.
[INFO ] update /home/sura/Documents/vue/tutorial/~/.vscode-root/storage.json in ts language service.
[INFO ] update /home/sura/Documents/vue/tutorial/~/.vscode-root/storage.json in ts language service.
[INFO ] update /home/sura/Documents/vue/tutorial/~/.vscode-root/storage.json in ts language service.
[INFO ] update /home/sura/Documents/vue/tutorial/~/.vscode-root/storage.json in ts language service.
[INFO ] update /home/sura/Documents/vue/tutorial/~/.vscode-root/storage.json in ts language service.
[INFO ] update /home/sura/Documents/vue/tutorial/~/.vscode-root/storage.json in ts language service.
[INFO ] update /home/sura/Documents/vue/tutorial/~/.vscode-root/storage.json in ts language service.
[INFO ] update /home/sura/Documents/vue/tutorial/~/.vscode-root/storage.json in ts language service.
[INFO ] update /home/sura/Documents/vue/tutorial/~/.vscode-root/storage.json in ts language service.
[INFO ] update /home/sura/Documents/vue/tutorial/~/.vscode-root/storage.json in ts language service.
[INFO ] update /home/sura/Documents/vue/tutorial/~/.vscode-root/storage.json in ts language service.
[INFO ] update /home/sura/Documents/vue/tutorial/~/.vscode-root/storage.json in ts language service.
[INFO ] update /home/sura/Documents/vue/tutorial/~/.vscode-root/storage.json in ts language service.
[INFO ] update /home/sura/Documents/vue/tutorial/~/.vscode-root/storage.json in ts language service.
[INFO ] update /home/sura/Documents/vue/tutorial/~/.vscode-root/storage.json in ts language service.
[INFO ] update /home/sura/Documents/vue/tutorial/~/.vscode-root/storage.json in ts language service.
[INFO ] update /home/sura/Documents/vue/tutorial/~/.vscode-root/storage.json in ts language service.
[INFO ] update /home/sura/Documents/vue/tutorial/~/.vscode-root/storage.json in ts language service.
[INFO ] update /home/sura/Documents/vue/tutorial/~/.vscode-root/storage.json in ts language service.
[INFO ] update /home/sura/Documents/vue/tutorial/~/.vscode-root/storage.json in ts language service.
[INFO ] update /home/sura/Documents/vue/tutorial/~/.vscode-root/storage.json in ts language service.
[INFO ] update /home/sura/Documents/vue/tutorial/~/.vscode-root/storage.json in ts language service.
[INFO ] update /home/sura/Documents/vue/tutorial/~/.vscode-root/storage.json in ts language service.
[INFO ] update /home/sura/Documents/vue/tutorial/~/.vscode-root/storage.json in ts language service.
[INFO ] update /home/sura/Documents/vue/tutorial/~/.vscode-root/storage.json in ts language service.
[INFO ] update /home/sura/Documents/vue/tutorial/~/.vscode-root/storage.json in ts language service.
[INFO ] update /home/sura/Documents/vue/tutorial/~/.vscode-root/storage.json in ts language service.
[INFO ] update /home/sura/Documents/vue/tutorial/~/.vscode-root/storage.json in ts language service.
[INFO ] update /home/sura/Documents/vue/tutorial/~/.vscode-root/storage.json in ts language service.
[INFO ] update /home/sura/Documents/vue/tutorial/~/.vscode-root/storage.json in ts language service.
[INFO ] update /home/sura/Documents/vue/tutorial/~/.vscode-root/storage.json in ts language service.
[INFO ] update /home/sura/Documents/vue/tutorial/~/.vscode-root/storage.json in ts language service.
[INFO ] update /home/sura/Documents/vue/tutorial/~/.vscode-root/storage.json in ts language service.
[INFO ] update /home/sura/Documents/vue/tutorial/~/.vscode-root/storage.json in ts language service.
[INFO ] update /home/sura/Documents/vue/tutorial/~/.vscode-root/storage.json in ts language service.
[INFO ] update /home/sura/Documents/vue/tutorial/~/.vscode-root/storage.json in ts language service.
[INFO ] update /home/sura/Documents/vue/tutorial/~/.vscode-root/storage.json in ts language service.
[INFO ] update /home/sura/Documents/vue/tutorial/~/.vscode-root/storage.json in ts language service.
[INFO ] update /home/sura/Documents/vue/tutorial/~/.vscode-root/storage.json in ts language service.
[INFO ] update /home/sura/Documents/vue/tutorial/~/.vscode-root/storage.json in ts language service.
[INFO ] update /home/sura/Documents/vue/tutorial/~/.vscode-root/storage.json in ts language service.
[INFO ] update /home/sura/Documents/vue/tutorial/~/.vscode-root/storage.json in ts language service.
[INFO ] update /home/sura/Documents/vue/tutorial/~/.vscode-root/storage.json in ts language service.
[INFO ] update /home/sura/Documents/vue/tutorial/~/.vscode-root/storage.json in ts language service.
[INFO ] update /home/sura/Documents/vue/tutorial/~/.vscode-root/storage.json in ts language service.
[INFO ] update /home/sura/Documents/vue/tutorial/~/.vscode-root/storage.json in ts language service.
[INFO ] update /home/sura/Documents/vue/tutorial/~/.vscode-root/storage.json in ts language service.
[INFO ] update /home/sura/Documents/vue/tutorial/~/.vscode-root/storage.json in ts language service.
[INFO ] update /home/sura/Documents/vue/tutorial/~/.vscode-root/storage.json in ts language service.
[INFO ] update /home/sura/Documents/vue/tutorial/~/.vscode-root/storage.json in ts language service.
[INFO ] update /home/sura/Documents/vue/tutorial/~/.vscode-root/storage.json in ts language service.
[INFO ] update /home/sura/Documents/vue/tutorial/~/.vscode-root/storage.json in ts language service.
[INFO ] update /home/sura/Documents/vue/tutorial/~/.vscode-root/storage.json in ts language service.
[INFO ] update /home/sura/Documents/vue/tutorial/~/.vscode-root/storage.json in ts language service.
[INFO ] update /home/sura/Documents/vue/tutorial/~/.vscode-root/storage.json in ts language service.
[INFO ] update /home/sura/Documents/vue/tutorial/~/.vscode-root/storage.json in ts language service.
[INFO ] update /home/sura/Documents/vue/tutorial/~/.vscode-root/storage.json in ts language service.
[INFO ] update /home/sura/Documents/vue/tutorial/~/.vscode-root/storage.json in ts language service.
[INFO ] update /home/sura/Documents/vue/tutorial/~/.vscode-root/storage.json in ts language service.
[INFO ] update /home/sura/Documents/vue/tutorial/~/.vscode-root/storage.json in ts language service.
[INFO ] update /home/sura/Documents/vue/tutorial/~/.vscode-root/storage.json in ts language service.
[INFO ] update /home/sura/Documents/vue/tutorial/~/.vscode-root/storage.json in ts language service.
[INFO ] update /home/sura/Documents/vue/tutorial/~/.vscode-root/storage.json in ts language service.
[INFO ] update /home/sura/Documents/vue/tutorial/~/.vscode-root/storage.json in ts language service.
[INFO ] update /home/sura/Documents/vue/tutorial/~/.vscode-root/storage.json in ts language service.
[INFO ] update /home/sura/Documents/vue/tutorial/~/.vscode-root/storage.json in ts language service.
[INFO ] update /home/sura/Documents/vue/tutorial/~/.vscode-root/storage.json in ts language service.
[INFO ] update /home/sura/Documents/vue/tutorial/~/.vscode-root/storage.json in ts language service.
[INFO ] update /home/sura/Documents/vue/tutorial/~/.vscode-root/storage.json in ts language service.
[INFO ] update /home/sura/Documents/vue/tutorial/~/.vscode-root/storage.json in ts language service.
[INFO ] update /home/sura/Documents/vue/tutorial/~/.vscode-root/storage.json in ts language service.
[INFO ] update /home/sura/Documents/vue/tutorial/~/.vscode-root/storage.json in ts language service.
[INFO ] update /home/sura/Documents/vue/tutorial/~/.vscode-root/storage.json in ts language service.
[INFO ] update /home/sura/Documents/vue/tutorial/~/.vscode-root/storage.json in ts language service.
[INFO ] update /home/sura/Documents/vue/tutorial/~/.vscode-root/storage.json in ts language service.
[INFO ] update /home/sura/Documents/vue/tutorial/~/.vscode-root/storage.json in ts language service.
[INFO ] update /home/sura/Documents/vue/tutorial/~/.vscode-root/storage.json in ts language service.
[INFO ] update /home/sura/Documents/vue/tutorial/~/.vscode-root/storage.json in ts language service.
[INFO ] update /home/sura/Documents/vue/tutorial/~/.vscode-root/storage.json in ts language service.
[INFO ] update /home/sura/Documents/vue/tutorial/~/.vscode-root/storage.json in ts language service.
[INFO ] update /home/sura/Documents/vue/tutorial/~/.vscode-root/storage.json in ts language service.
[INFO ] update /home/sura/Documents/vue/tutorial/~/.vscode-root/storage.json in ts language service.
[INFO ] update /home/sura/Documents/vue/tutorial/~/.vscode-root/storage.json in ts language service.
[INFO ] update /home/sura/Documents/vue/tutorial/~/.vscode-root/storage.json in ts language service.
[INFO ] update /home/sura/Documents/vue/tutorial/~/.vscode-root/storage.json in ts language service.
[INFO ] update /home/sura/Documents/vue/tutorial/~/.vscode-root/storage.json in ts language service.
[INFO ] update /home/sura/Documents/vue/tutorial/~/.vscode-root/storage.json in ts language service.
[INFO ] update /home/sura/Documents/vue/tutorial/~/.vscode-root/storage.json in ts language service.
[INFO ] update /home/sura/Documents/vue/tutorial/~/.vscode-root/storage.json in ts language service.
[INFO ] update /home/sura/Documents/vue/tutorial/~/.vscode-root/storage.json in ts language service.
[INFO ] update /home/sura/Documents/vue/tutorial/~/.vscode-root/storage.json in ts language service.
[INFO ] update /home/sura/Documents/vue/tutorial/~/.vscode-root/storage.json in ts language service.
[INFO ] update /home/sura/Documents/vue/tutorial/~/.vscode-root/storage.json in ts language service.
[INFO ] update /home/sura/Documents/vue/tutorial/~/.vscode-root/storage.json in ts language service.
[INFO ] update /home/sura/Documents/vue/tutorial/~/.vscode-root/storage.json in ts language service.
[INFO ] update /home/sura/Documents/vue/tutorial/~/.vscode-root/storage.json in ts language service.
[INFO ] update /home/sura/Documents/vue/tutorial/~/.vscode-root/storage.json in ts language service.
[INFO ] update /home/sura/Documents/vue/tutorial/~/.vscode-root/storage.json in ts language service.
[INFO ] update /home/sura/Documents/vue/tutorial/~/.vscode-root/storage.json in ts language service.
[INFO ] update /home/sura/Documents/vue/tutorial/~/.vscode-root/storage.json in ts language service.
[INFO ] update /home/sura/Documents/vue/tutorial/~/.vscode-root/storage.json in ts language service.
[INFO ] update /home/sura/Documents/vue/tutorial/~/.vscode-root/storage.json in ts language service.
[INFO ] update /home/sura/Documents/vue/tutorial/~/.vscode-root/storage.json in ts language service.
[INFO ] update /home/sura/Documents/vue/tutorial/~/.vscode-root/storage.json in ts language service.
[INFO ] update /home/sura/Documents/vue/tutorial/~/.vscode-root/storage.json in ts language service.
[INFO ] update /home/sura/Documents/vue/tutorial/~/.vscode-root/storage.json in ts language service.
[INFO ] update /home/sura/Documents/vue/tutorial/~/.vscode-root/storage.json in ts language service.
[INFO ] update /home/sura/Documents/vue/tutorial/~/.vscode-root/storage.json in ts language service.
[INFO ] update /home/sura/Documents/vue/tutorial/~/.vscode-root/storage.json in ts language service.
[INFO ] update /home/sura/Documents/vue/tutorial/~/.vscode-root/storage.json in ts language service.
[INFO ] update /home/sura/Documents/vue/tutorial/~/.vscode-root/storage.json in ts language service.
[INFO ] update /home/sura/Documents/vue/tutorial/~/.vscode-root/storage.json in ts language service.
[INFO ] update /home/sura/Documents/vue/tutorial/~/.vscode-root/storage.json in ts language service.
[INFO ] update /home/sura/Documents/vue/tutorial/~/.vscode-root/storage.json in ts language service.
[INFO ] update /home/sura/Documents/vue/tutorial/~/.vscode-root/storage.json in ts language service.
[INFO ] update /home/sura/Documents/vue/tutorial/~/.vscode-root/storage.json in ts language service.
[INFO ] update /home/sura/Documents/vue/tutorial/~/.vscode-root/storage.json in ts language service.
[INFO ] update /home/sura/Documents/vue/tutorial/~/.vscode-root/storage.json in ts language service.
[INFO ] update /home/sura/Documents/vue/tutorial/~/.vscode-root/storage.json in ts language service.
[INFO ] update /home/sura/Documents/vue/tutorial/~/.vscode-root/storage.json in ts language service.
[INFO ] update /home/sura/Documents/vue/tutorial/~/.vscode-root/storage.json in ts language service.
[INFO ] update /home/sura/Documents/vue/tutorial/~/.vscode-root/storage.json in ts language service.
[INFO ] update /home/sura/Documents/vue/tutorial/~/.vscode-root/storage.json in ts language service.
[INFO ] update /home/sura/Documents/vue/tutorial/~/.vscode-root/storage.json in ts language service.
[INFO ] update /home/sura/Documents/vue/tutorial/~/.vscode-root/storage.json in ts language service.
[INFO ] update /home/sura/Documents/vue/tutorial/~/.vscode-root/storage.json in ts language service.
[INFO ] update /home/sura/Documents/vue/tutorial/~/.vscode-root/storage.json in ts language service.
[INFO ] update /home/sura/Documents/vue/tutorial/~/.vscode-root/storage.json in ts language service.
[INFO ] update /home/sura/Documents/vue/tutorial/~/.vscode-root/storage.json in ts language service.
[INFO ] update /home/sura/Documents/vue/tutorial/~/.vscode-root/storage.json in ts language service.
[INFO ] update /home/sura/Documents/vue/tutorial/~/.vscode-root/storage.json in ts language service.
[INFO ] update /home/sura/Documents/vue/tutorial/~/.vscode-root/storage.json in ts language service.
[INFO ] update /home/sura/Documents/vue/tutorial/~/.vscode-root/storage.json in ts language service.
[INFO ] update /home/sura/Documents/vue/tutorial/~/.vscode-root/storage.json in ts language service.
[INFO ] update /home/sura/Documents/vue/tutorial/~/.vscode-root/storage.json in ts language service.
[INFO ] update /home/sura/Documents/vue/tutorial/~/.vscode-root/storage.json in ts language service.
[INFO ] update /home/sura/Documents/vue/tutorial/~/.vscode-root/storage.json in ts language service.
[INFO ] update /home/sura/Documents/vue/tutorial/~/.vscode-root/storage.json in ts language service.
[INFO ] update /home/sura/Documents/vue/tutorial/~/.vscode-root/storage.json in ts language service.
[INFO ] update /home/sura/Documents/vue/tutorial/~/.vscode-root/storage.json in ts language service.
[INFO ] update /home/sura/Documents/vue/tutorial/~/.vscode-root/storage.json in ts language service.
[INFO ] update /home/sura/Documents/vue/tutorial/~/.vscode-root/storage.json in ts language service.
[INFO ] update /home/sura/Documents/vue/tutorial/~/.vscode-root/storage.json in ts language service.
[INFO ] update /home/sura/Documents/vue/tutorial/~/.vscode-root/storage.json in ts language service.
[INFO ] update /home/sura/Documents/vue/tutorial/~/.vscode-root/storage.json in ts language service.
[INFO ] update /home/sura/Documents/vue/tutorial/~/.vscode-root/storage.json in ts language service.
[INFO ] update /home/sura/Documents/vue/tutorial/~/.vscode-root/storage.json in ts language service.
[INFO ] update /home/sura/Documents/vue/tutorial/~/.vscode-root/storage.json in ts language service.
[INFO ] update /home/sura/Documents/vue/tutorial/~/.vscode-root/storage.json in ts language service.
[INFO ] update /home/sura/Documents/vue/tutorial/~/.vscode-root/storage.json in ts language service.
[INFO ] update /home/sura/Documents/vue/tutorial/~/.vscode-root/storage.json in ts language service.
[INFO ] update /home/sura/Documents/vue/tutorial/~/.vscode-root/storage.json in ts language service.
[INFO ] update /home/sura/Documents/vue/tutorial/~/.vscode-root/storage.json in ts language service.
[INFO ] update /home/sura/Documents/vue/tutorial/~/.vscode-root/storage.json in ts language service.
[INFO ] update /home/sura/Documents/vue/tutorial/~/.vscode-root/storage.json in ts language service.
[Error - 3:53:12 PM] Request textDocument/codeAction failed.
  Message: Request textDocument/codeAction failed with message: Debug Failure. Token and statement should start at the same point. {"statementKind":"ReturnStatement","tokenKind":"OpenBraceToken","errorCode":7027,"start":345,"length":0}
  Code: -32603 
[Error - 3:53:14 PM] Request textDocument/codeAction failed.
  Message: Request textDocument/codeAction failed with message: Debug Failure. Token and statement should start at the same point. {"statementKind":"ReturnStatement","tokenKind":"OpenBraceToken","errorCode":7027,"start":388,"length":0}
  Code: -32603 
[Error - 3:53:15 PM] Request textDocument/codeAction failed.
  Message: Request textDocument/codeAction failed with message: Debug Failure. Some statement should be last
  Code: -32603 
[Error - 3:53:16 PM] Request textDocument/codeAction failed.
  Message: Request textDocument/codeAction failed with message: Debug Failure. Token and statement should start at the same point. {"statementKind":"ReturnStatement","tokenKind":"OpenBraceToken","errorCode":7027,"start":431,"length":0}
  Code: -32603 
[INFO ] update /home/sura/Documents/vue/tutorial/~/.vscode-root/storage.json in ts language service.
[INFO ] update /home/sura/Documents/vue/tutorial/~/.vscode-root/storage.json in ts language service.
[INFO ] update /home/sura/Documents/vue/tutorial/~/.vscode-root/storage.json in ts language service.
[INFO ] update /home/sura/Documents/vue/tutorial/~/.vscode-root/storage.json in ts language service.
[INFO ] update /home/sura/Documents/vue/tutorial/~/.vscode-root/storage.json in ts language service.
[INFO ] update /home/sura/Documents/vue/tutorial/~/.vscode-root/storage.json in ts language service.
[INFO ] update /home/sura/Documents/vue/tutorial/~/.vscode-root/storage.json in ts language service.
[INFO ] update /home/sura/Documents/vue/tutorial/~/.vscode-root/storage.json in ts language service.
[INFO ] update /home/sura/Documents/vue/tutorial/~/.vscode-root/storage.json in ts language service.
[INFO ] update /home/sura/Documents/vue/tutorial/~/.vscode-root/storage.json in ts language service.
[INFO ] update /home/sura/Documents/vue/tutorial/~/.vscode-root/storage.json in ts language service.
[INFO ] update /home/sura/Documents/vue/tutorial/~/.vscode-root/storage.json in ts language service.
[INFO ] update /home/sura/Documents/vue/tutorial/~/.vscode-root/storage.json in ts language service.
[INFO ] update /home/sura/Documents/vue/tutorial/~/.vscode-root/storage.json in ts language service.
[INFO ] update /home/sura/Documents/vue/tutorial/~/.vscode-root/storage.json in ts language service.
[INFO ] update /home/sura/Documents/vue/tutorial/~/.vscode-root/storage.json in ts language service.
[INFO ] update /home/sura/Documents/vue/tutorial/~/.vscode-root/storage.json in ts language service.
[INFO ] update /home/sura/Documents/vue/tutorial/~/.vscode-root/storage.json in ts language service.
[INFO ] update /home/sura/Documents/vue/tutorial/~/.vscode-root/storage.json in ts language service.
[INFO ] update /home/sura/Documents/vue/tutorial/~/.vscode-root/storage.json in ts language service.
[INFO ] update /home/sura/Documents/vue/tutorial/~/.vscode-root/storage.json in ts language service.
[INFO ] update /home/sura/Documents/vue/tutorial/~/.vscode-root/storage.json in ts language service.
[INFO ] update /home/sura/Documents/vue/tutorial/~/.vscode-root/storage.json in ts language service.
[INFO ] update /home/sura/Documents/vue/tutorial/~/.vscode-root/storage.json in ts language service.
[INFO ] update /home/sura/Documents/vue/tutorial/~/.vscode-root/storage.json in ts language service.
[INFO ] update /home/sura/Documents/vue/tutorial/~/.vscode-root/storage.json in ts language service.
[INFO ] update /home/sura/Documents/vue/tutorial/~/.vscode-root/storage.json in ts language service.
[INFO ] update /home/sura/Documents/vue/tutorial/~/.vscode-root/storage.json in ts language service.
[INFO ] update /home/sura/Documents/vue/tutorial/~/.vscode-root/storage.json in ts language service.
[INFO ] update /home/sura/Documents/vue/tutorial/~/.vscode-root/storage.json in ts language service.
[INFO ] update /home/sura/Documents/vue/tutorial/~/.vscode-root/storage.json in ts language service.
[INFO ] update /home/sura/Documents/vue/tutorial/~/.vscode-root/storage.json in ts language service.
[INFO ] update /home/sura/Documents/vue/tutorial/~/.vscode-root/storage.json in ts language service.
[INFO ] update /home/sura/Documents/vue/tutorial/~/.vscode-root/storage.json in ts language service.
[INFO ] update /home/sura/Documents/vue/tutorial/~/.vscode-root/storage.json in ts language service.
[INFO ] update /home/sura/Documents/vue/tutorial/~/.vscode-root/storage.json in ts language service.
[INFO ] update /home/sura/Documents/vue/tutorial/~/.vscode-root/storage.json in ts language service.
[INFO ] update /home/sura/Documents/vue/tutorial/~/.vscode-root/storage.json in ts language service.
[INFO ] update /home/sura/Documents/vue/tutorial/~/.vscode-root/storage.json in ts language service.
[INFO ] update /home/sura/Documents/vue/tutorial/~/.vscode-root/storage.json in ts language service.
[INFO ] update /home/sura/Documents/vue/tutorial/~/.vscode-root/storage.json in ts language service.
[INFO ] update /home/sura/Documents/vue/tutorial/~/.vscode-root/storage.json in ts language service.
[INFO ] update /home/sura/Documents/vue/tutorial/~/.vscode-root/storage.json in ts language service.
[INFO ] update /home/sura/Documents/vue/tutorial/~/.vscode-root/storage.json in ts language service.
[INFO ] update /home/sura/Documents/vue/tutorial/~/.vscode-root/storage.json in ts language service.
[INFO ] update /home/sura/Documents/vue/tutorial/~/.vscode-root/storage.json in ts language service.
[INFO ] update /home/sura/Documents/vue/tutorial/~/.vscode-root/storage.json in ts language service.
[INFO ] update /home/sura/Documents/vue/tutorial/~/.vscode-root/storage.json in ts language service.
[INFO ] update /home/sura/Documents/vue/tutorial/~/.vscode-root/storage.json in ts language service.
[INFO ] update /home/sura/Documents/vue/tutorial/~/.vscode-root/storage.json in ts language service.
[INFO ] update /home/sura/Documents/vue/tutorial/~/.vscode-root/storage.json in ts language service.
[INFO ] update /home/sura/Documents/vue/tutorial/~/.vscode-root/storage.json in ts language service.
[INFO ] update /home/sura/Documents/vue/tutorial/~/.vscode-root/storage.json in ts language service.
[INFO ] update /home/sura/Documents/vue/tutorial/~/.vscode-root/storage.json in ts language service.
[INFO ] update /home/sura/Documents/vue/tutorial/~/.vscode-root/storage.json in ts language service.
[INFO ] update /home/sura/Documents/vue/tutorial/~/.vscode-root/storage.json in ts language service.
[INFO ] update /home/sura/Documents/vue/tutorial/~/.vscode-root/storage.json in ts language service.
[INFO ] update /home/sura/Documents/vue/tutorial/~/.vscode-root/storage.json in ts language service.
[INFO ] update /home/sura/Documents/vue/tutorial/~/.vscode-root/storage.json in ts language service.
[INFO ] update /home/sura/Documents/vue/tutorial/~/.vscode-root/storage.json in ts language service.
[INFO ] update /home/sura/Documents/vue/tutorial/~/.vscode-root/storage.json in ts language service.
[INFO ] update /home/sura/Documents/vue/tutorial/~/.vscode-root/storage.json in ts language service.
[INFO ] update /home/sura/Documents/vue/tutorial/~/.vscode-root/storage.json in ts language service.
[INFO ] update /home/sura/Documents/vue/tutorial/~/.vscode-root/storage.json in ts language service.
[INFO ] update /home/sura/Documents/vue/tutorial/~/.vscode-root/storage.json in ts language service.
[INFO ] update /home/sura/Documents/vue/tutorial/~/.vscode-root/storage.json in ts language service.
[INFO ] update /home/sura/Documents/vue/tutorial/~/.vscode-root/storage.json in ts language service.
[INFO ] update /home/sura/Documents/vue/tutorial/~/.vscode-root/storage.json in ts language service.
[INFO ] update /home/sura/Documents/vue/tutorial/~/.vscode-root/storage.json in ts language service.
[INFO ] update /home/sura/Documents/vue/tutorial/~/.vscode-root/storage.json in ts language service.
[INFO ] update /home/sura/Documents/vue/tutorial/~/.vscode-root/storage.json in ts language service.
[INFO ] update /home/sura/Documents/vue/tutorial/~/.vscode-root/storage.json in ts language service.
[INFO ] update /home/sura/Documents/vue/tutorial/~/.vscode-root/storage.json in ts language service.
[INFO ] update /home/sura/Documents/vue/tutorial/~/.vscode-root/storage.json in ts language service.
[INFO ] update /home/sura/Documents/vue/tutorial/~/.vscode-root/storage.json in ts language service.
[INFO ] update /home/sura/Documents/vue/tutorial/~/.vscode-root/storage.json in ts language service.
[INFO ] update /home/sura/Documents/vue/tutorial/~/.vscode-root/storage.json in ts language service.
[INFO ] update /home/sura/Documents/vue/tutorial/~/.vscode-root/storage.json in ts language service.
[INFO ] update /home/sura/Documents/vue/tutorial/~/.vscode-root/storage.json in ts language service.
[INFO ] update /home/sura/Documents/vue/tutorial/~/.vscode-root/storage.json in ts language service.
[INFO ] update /home/sura/Documents/vue/tutorial/~/.vscode-root/storage.json in ts language service.
[INFO ] update /home/sura/Documents/vue/tutorial/~/.vscode-root/storage.json in ts language service.
[INFO ] update /home/sura/Documents/vue/tutorial/~/.vscode-root/storage.json in ts language service.
[INFO ] update /home/sura/Documents/vue/tutorial/~/.vscode-root/storage.json in ts language service.
[INFO ] update /home/sura/Documents/vue/tutorial/~/.vscode-root/storage.json in ts language service.
[INFO ] update /home/sura/Documents/vue/tutorial/~/.vscode-root/storage.json in ts language service.
[INFO ] update /home/sura/Documents/vue/tutorial/~/.vscode-root/storage.json in ts language service.
[INFO ] update /home/sura/Documents/vue/tutorial/~/.vscode-root/storage.json in ts language service.
[INFO ] update /home/sura/Documents/vue/tutorial/~/.vscode-root/storage.json in ts language service.
[INFO ] update /home/sura/Documents/vue/tutorial/~/.vscode-root/storage.json in ts language service.
[INFO ] update /home/sura/Documents/vue/tutorial/~/.vscode-root/storage.json in ts language service.
[INFO ] update /home/sura/Documents/vue/tutorial/~/.vscode-root/storage.json in ts language service.
[INFO ] update /home/sura/Documents/vue/tutorial/~/.vscode-root/storage.json in ts language service.
[INFO ] update /home/sura/Documents/vue/tutorial/~/.vscode-root/storage.json in ts language service.
[INFO ] update /home/sura/Documents/vue/tutorial/~/.vscode-root/storage.json in ts language service.
[INFO ] update /home/sura/Documents/vue/tutorial/~/.vscode-root/storage.json in ts language service.
[INFO ] update /home/sura/Documents/vue/tutorial/~/.vscode-root/storage.json in ts language service.
[INFO ] update /home/sura/Documents/vue/tutorial/~/.vscode-root/storage.json in ts language service.
[INFO ] update /home/sura/Documents/vue/tutorial/~/.vscode-root/storage.json in ts language service.
[INFO ] update /home/sura/Documents/vue/tutorial/~/.vscode-root/storage.json in ts language service.
[INFO ] update /home/sura/Documents/vue/tutorial/~/.vscode-root/storage.json in ts language service.
[INFO ] update /home/sura/Documents/vue/tutorial/~/.vscode-root/storage.json in ts language service.
[INFO ] update /home/sura/Documents/vue/tutorial/~/.vscode-root/storage.json in ts language service.
[INFO ] update /home/sura/Documents/vue/tutorial/~/.vscode-root/storage.json in ts language service.
[INFO ] update /home/sura/Documents/vue/tutorial/~/.vscode-root/storage.json in ts language service.
[INFO ] update /home/sura/Documents/vue/tutorial/~/.vscode-root/storage.json in ts language service.
[INFO ] update /home/sura/Documents/vue/tutorial/~/.vscode-root/storage.json in ts language service.
[INFO ] update /home/sura/Documents/vue/tutorial/~/.vscode-root/storage.json in ts language service.
[INFO ] update /home/sura/Documents/vue/tutorial/~/.vscode-root/storage.json in ts language service.
[INFO ] update /home/sura/Documents/vue/tutorial/~/.vscode-root/storage.json in ts language service.
[INFO ] update /home/sura/Documents/vue/tutorial/~/.vscode-root/storage.json in ts language service.
[INFO ] update /home/sura/Documents/vue/tutorial/~/.vscode-root/storage.json in ts language service.
[INFO ] update /home/sura/Documents/vue/tutorial/~/.vscode-root/storage.json in ts language service.
[INFO ] update /home/sura/Documents/vue/tutorial/~/.vscode-root/storage.json in ts language service.
[INFO ] update /home/sura/Documents/vue/tutorial/~/.vscode-root/storage.json in ts language service.
[INFO ] update /home/sura/Documents/vue/tutorial/~/.vscode-root/storage.json in ts language service.
[INFO ] update /home/sura/Documents/vue/tutorial/~/.vscode-root/storage.json in ts language service.
[INFO ] update /home/sura/Documents/vue/tutorial/~/.vscode-root/storage.json in ts language service.
[INFO ] update /home/sura/Documents/vue/tutorial/~/.vscode-root/storage.json in ts language service.
[INFO ] update /home/sura/Documents/vue/tutorial/~/.vscode-root/storage.json in ts language service.
[INFO ] update /home/sura/Documents/vue/tutorial/~/.vscode-root/storage.json in ts language service.
[INFO ] update /home/sura/Documents/vue/tutorial/~/.vscode-root/storage.json in ts language service.
[INFO ] update /home/sura/Documents/vue/tutorial/~/.vscode-root/storage.json in ts language service.
[INFO ] update /home/sura/Documents/vue/tutorial/~/.vscode-root/storage.json in ts language service.
[INFO ] update /home/sura/Documents/vue/tutorial/~/.vscode-root/storage.json in ts language service.
[INFO ] update /home/sura/Documents/vue/tutorial/~/.vscode-root/storage.json in ts language service.
[INFO ] update /home/sura/Documents/vue/tutorial/~/.vscode-root/storage.json in ts language service.
[INFO ] update /home/sura/Documents/vue/tutorial/~/.vscode-root/storage.json in ts language service.
[INFO ] update /home/sura/Documents/vue/tutorial/~/.vscode-root/storage.json in ts language service.
[INFO ] update /home/sura/Documents/vue/tutorial/~/.vscode-root/storage.json in ts language service.
[INFO ] update /home/sura/Documents/vue/tutorial/~/.vscode-root/storage.json in ts language service.
[INFO ] update /home/sura/Documents/vue/tutorial/~/.vscode-root/storage.json in ts language service.
[INFO ] update /home/sura/Documents/vue/tutorial/~/.vscode-root/storage.json in ts language service.
[INFO ] update /home/sura/Documents/vue/tutorial/~/.vscode-root/storage.json in ts language service.
[INFO ] update /home/sura/Documents/vue/tutorial/~/.vscode-root/storage.json in ts language service.
[INFO ] update /home/sura/Documents/vue/tutorial/~/.vscode-root/storage.json in ts language service.
[INFO ] update /home/sura/Documents/vue/tutorial/~/.vscode-root/storage.json in ts language service.
[INFO ] update /home/sura/Documents/vue/tutorial/~/.vscode-root/storage.json in ts language service.
[INFO ] update /home/sura/Documents/vue/tutorial/~/.vscode-root/storage.json in ts language service.
[INFO ] update /home/sura/Documents/vue/tutorial/~/.vscode-root/storage.json in ts language service.
[INFO ] update /home/sura/Documents/vue/tutorial/~/.vscode-root/storage.json in ts language service.
[INFO ] update /home/sura/Documents/vue/tutorial/~/.vscode-root/storage.json in ts language service.
[INFO ] update /home/sura/Documents/vue/tutorial/~/.vscode-root/storage.json in ts language service.
[INFO ] update /home/sura/Documents/vue/tutorial/~/.vscode-root/storage.json in ts language service.
[INFO ] update /home/sura/Documents/vue/tutorial/~/.vscode-root/storage.json in ts language service.
[INFO ] update /home/sura/Documents/vue/tutorial/~/.vscode-root/storage.json in ts language service.
[INFO ] update /home/sura/Documents/vue/tutorial/~/.vscode-root/storage.json in ts language service.
[INFO ] update /home/sura/Documents/vue/tutorial/~/.vscode-root/storage.json in ts language service.
[INFO ] update /home/sura/Documents/vue/tutorial/~/.vscode-root/storage.json in ts language service.
[INFO ] update /home/sura/Documents/vue/tutorial/~/.vscode-root/storage.json in ts language service.
[INFO ] update /home/sura/Documents/vue/tutorial/~/.vscode-root/storage.json in ts language service.
[INFO ] update /home/sura/Documents/vue/tutorial/~/.vscode-root/storage.json in ts language service.
[INFO ] update /home/sura/Documents/vue/tutorial/~/.vscode-root/storage.json in ts language service.
[INFO ] update /home/sura/Documents/vue/tutorial/~/.vscode-root/storage.json in ts language service.
[INFO ] update /home/sura/Documents/vue/tutorial/~/.vscode-root/storage.json in ts language service.
[INFO ] update /home/sura/Documents/vue/tutorial/~/.vscode-root/storage.json in ts language service.
[INFO ] update /home/sura/Documents/vue/tutorial/~/.vscode-root/storage.json in ts language service.
[INFO ] update /home/sura/Documents/vue/tutorial/~/.vscode-root/storage.json in ts language service.
[INFO ] update /home/sura/Documents/vue/tutorial/~/.vscode-root/storage.json in ts language service.
[INFO ] update /home/sura/Documents/vue/tutorial/~/.vscode-root/storage.json in ts language service.
[INFO ] update /home/sura/Documents/vue/tutorial/~/.vscode-root/storage.json in ts language service.
[INFO ] update /home/sura/Documents/vue/tutorial/~/.vscode-root/storage.json in ts language service.
[INFO ] update /home/sura/Documents/vue/tutorial/~/.vscode-root/storage.json in ts language service.
[INFO ] update /home/sura/Documents/vue/tutorial/~/.vscode-root/storage.json in ts language service.
[INFO ] update /home/sura/Documents/vue/tutorial/~/.vscode-root/storage.json in ts language service.
[INFO ] update /home/sura/Documents/vue/tutorial/~/.vscode-root/storage.json in ts language service.
[INFO ] update /home/sura/Documents/vue/tutorial/~/.vscode-root/storage.json in ts language service.
[INFO ] update /home/sura/Documents/vue/tutorial/~/.vscode-root/storage.json in ts language service.
[INFO ] update /home/sura/Documents/vue/tutorial/~/.vscode-root/storage.json in ts language service.
[INFO ] update /home/sura/Documents/vue/tutorial/~/.vscode-root/storage.json in ts language service.
[INFO ] update /home/sura/Documents/vue/tutorial/~/.vscode-root/storage.json in ts language service.
[INFO ] update /home/sura/Documents/vue/tutorial/~/.vscode-root/storage.json in ts language service.
[INFO ] update /home/sura/Documents/vue/tutorial/~/.vscode-root/storage.json in ts language service.
[INFO ] update /home/sura/Documents/vue/tutorial/~/.vscode-root/storage.json in ts language service.
[INFO ] update /home/sura/Documents/vue/tutorial/~/.vscode-root/storage.json in ts language service.
[INFO ] update /home/sura/Documents/vue/tutorial/~/.vscode-root/storage.json in ts language service.
[INFO ] update /home/sura/Documents/vue/tutorial/~/.vscode-root/storage.json in ts language service.
[INFO ] update /home/sura/Documents/vue/tutorial/~/.vscode-root/storage.json in ts language service.
[INFO ] update /home/sura/Documents/vue/tutorial/~/.vscode-root/storage.json in ts language service.
[INFO ] update /home/sura/Documents/vue/tutorial/~/.vscode-root/storage.json in ts language service.
[INFO ] update /home/sura/Documents/vue/tutorial/~/.vscode-root/storage.json in ts language service.
[INFO ] update /home/sura/Documents/vue/tutorial/~/.vscode-root/storage.json in ts language service.
[INFO ] update /home/sura/Documents/vue/tutorial/~/.vscode-root/storage.json in ts language service.
[INFO ] update /home/sura/Documents/vue/tutorial/~/.vscode-root/storage.json in ts language service.
[INFO ] update /home/sura/Documents/vue/tutorial/~/.vscode-root/storage.json in ts language service.
[INFO ] update /home/sura/Documents/vue/tutorial/~/.vscode-root/storage.json in ts language service.
[INFO ] update /home/sura/Documents/vue/tutorial/~/.vscode-root/storage.json in ts language service.
[INFO ] update /home/sura/Documents/vue/tutorial/~/.vscode-root/storage.json in ts language service.
[INFO ] update /home/sura/Documents/vue/tutorial/~/.vscode-root/storage.json in ts language service.
[INFO ] update /home/sura/Documents/vue/tutorial/~/.vscode-root/storage.json in ts language service.
[INFO ] update /home/sura/Documents/vue/tutorial/~/.vscode-root/storage.json in ts language service.
[INFO ] update /home/sura/Documents/vue/tutorial/~/.vscode-root/storage.json in ts language service.
[INFO ] update /home/sura/Documents/vue/tutorial/~/.vscode-root/storage.json in ts language service.
[INFO ] update /home/sura/Documents/vue/tutorial/~/.vscode-root/storage.json in ts language service.
[INFO ] update /home/sura/Documents/vue/tutorial/~/.vscode-root/storage.json in ts language service.
[INFO ] update /home/sura/Documents/vue/tutorial/~/.vscode-root/storage.json in ts language service.
[INFO ] update /home/sura/Documents/vue/tutorial/~/.vscode-root/storage.json in ts language service.
[INFO ] update /home/sura/Documents/vue/tutorial/~/.vscode-root/storage.json in ts language service.
[INFO ] update /home/sura/Documents/vue/tutorial/~/.vscode-root/storage.json in ts language service.
[INFO ] update /home/sura/Documents/vue/tutorial/~/.vscode-root/storage.json in ts language service.
[INFO ] update /home/sura/Documents/vue/tutorial/~/.vscode-root/storage.json in ts language service.
[INFO ] update /home/sura/Documents/vue/tutorial/~/.vscode-root/storage.json in ts language service.
[INFO ] update /home/sura/Documents/vue/tutorial/~/.vscode-root/storage.json in ts language service.
[INFO ] update /home/sura/Documents/vue/tutorial/~/.vscode-root/storage.json in ts language service.
[INFO ] update /home/sura/Documents/vue/tutorial/~/.vscode-root/storage.json in ts language service.
[INFO ] update /home/sura/Documents/vue/tutorial/~/.vscode-root/storage.json in ts language service.
[INFO ] update /home/sura/Documents/vue/tutorial/~/.vscode-root/storage.json in ts language service.
[INFO ] update /home/sura/Documents/vue/tutorial/~/.vscode-root/storage.json in ts language service.
[INFO ] update /home/sura/Documents/vue/tutorial/~/.vscode-root/storage.json in ts language service.
[INFO ] update /home/sura/Documents/vue/tutorial/~/.vscode-root/storage.json in ts language service.
[INFO ] update /home/sura/Documents/vue/tutorial/~/.vscode-root/storage.json in ts language service.
[INFO ] update /home/sura/Documents/vue/tutorial/~/.vscode-root/storage.json in ts language service.
[INFO ] update /home/sura/Documents/vue/tutorial/~/.vscode-root/storage.json in ts language service.
[INFO ] update /home/sura/Documents/vue/tutorial/~/.vscode-root/storage.json in ts language service.
[INFO ] update /home/sura/Documents/vue/tutorial/~/.vscode-root/storage.json in ts language service.
[INFO ] update /home/sura/Documents/vue/tutorial/~/.vscode-root/storage.json in ts language service.
[INFO ] update /home/sura/Documents/vue/tutorial/~/.vscode-root/storage.json in ts language service.
[INFO ] update /home/sura/Documents/vue/tutorial/~/.vscode-root/storage.json in ts language service.
[INFO ] update /home/sura/Documents/vue/tutorial/~/.vscode-root/storage.json in ts language service.
[INFO ] update /home/sura/Documents/vue/tutorial/~/.vscode-root/storage.json in ts language service.
[INFO ] update /home/sura/Documents/vue/tutorial/~/.vscode-root/storage.json in ts language service.
[INFO ] update /home/sura/Documents/vue/tutorial/~/.vscode-root/storage.json in ts language service.
[INFO ] update /home/sura/Documents/vue/tutorial/~/.vscode-root/storage.json in ts language service.
[INFO ] update /home/sura/Documents/vue/tutorial/~/.vscode-root/storage.json in ts language service.
[INFO ] update /home/sura/Documents/vue/tutorial/~/.vscode-root/storage.json in ts language service.
[INFO ] update /home/sura/Documents/vue/tutorial/~/.vscode-root/storage.json in ts language service.
[INFO ] update /home/sura/Documents/vue/tutorial/~/.vscode-root/storage.json in ts language service.
[INFO ] update /home/sura/Documents/vue/tutorial/~/.vscode-root/storage.json in ts language service.
[INFO ] update /home/sura/Documents/vue/tutorial/~/.vscode-root/storage.json in ts language service.
[INFO ] update /home/sura/Documents/vue/tutorial/~/.vscode-root/storage.json in ts language service.
[INFO ] update /home/sura/Documents/vue/tutorial/~/.vscode-root/storage.json in ts language service.
[INFO ] update /home/sura/Documents/vue/tutorial/~/.vscode-root/storage.json in ts language service.
[INFO ] update /home/sura/Documents/vue/tutorial/~/.vscode-root/storage.json in ts language service.
[INFO ] update /home/sura/Documents/vue/tutorial/~/.vscode-root/storage.json in ts language service.
[INFO ] update /home/sura/Documents/vue/tutorial/~/.vscode-root/storage.json in ts language service.
[INFO ] update /home/sura/Documents/vue/tutorial/~/.vscode-root/storage.json in ts language service.
[INFO ] update /home/sura/Documents/vue/tutorial/~/.vscode-root/storage.json in ts language service.
